Determining if the pthread_create exist failed with the following output:
Change Dir: /home/mech-user/2015-soft3/20150930/build/beginner_tutorials/CMakeFiles/CMakeTmp

Run Build Command:/usr/bin/make "cmTryCompileExec359968751/fast"
/usr/bin/make -f CMakeFiles/cmTryCompileExec359968751.dir/build.make CMakeFiles/cmTryCompileExec359968751.dir/build
make[1]: ディレクトリ `/home/mech-user/2015-soft3/20150930/build/beginner_tutorials/CMakeFiles/CMakeTmp' に入ります
/usr/bin/cmake -E cmake_progress_report /home/mech-user/2015-soft3/20150930/build/beginner_tutorials/CMakeFiles/CMakeTmp/CMakeFiles 1
Building C object CMakeFiles/cmTryCompileExec359968751.dir/CheckSymbolExists.c.o
/usr/bin/cc    -o CMakeFiles/cmTryCompileExec359968751.dir/CheckSymbolExists.c.o   -c /home/mech-user/2015-soft3/20150930/build/beginner_tutorials/CMakeFiles/CMakeTmp/CheckSymbolExists.c
Linking C executable cmTryCompileExec359968751
/usr/bin/cmake -E cmake_link_script CMakeFiles/cmTryCompileExec359968751.dir/link.txt --verbose=1
/usr/bin/cc       CMakeFiles/cmTryCompileExec359968751.dir/CheckSymbolExists.c.o  -o cmTryCompileExec359968751 -rdynamic 
CMakeFiles/cmTryCompileExec359968751.dir/CheckSymbolExists.c.o: 関数 `main' 内:
CheckSymbolExists.c:(.text+0x16): `pthread_create' に対する定義されていない参照です
collect2: error: ld returned 1 exit status
make[1]: *** [cmTryCompileExec359968751] エラー 1
make[1]: ディレクトリ `/home/mech-user/2015-soft3/20150930/build/beginner_tutorials/CMakeFiles/CMakeTmp' から出ます
make: *** [cmTryCompileExec359968751/fast] エラー 2

File /home/mech-user/2015-soft3/20150930/build/beginner_tutorials/CMakeFiles/CMakeTmp/CheckSymbolExists.c:
/* */
#include <pthread.h>

int main(int argc, char** argv)
{
  (void)argv;
#ifndef pthread_create
  return ((int*)(&pthread_create))[argc];
#else
  (void)argc;
  return 0;
#endif
}

Determining if the function pthread_create exists in the pthreads failed with the following output:
Change Dir: /home/mech-user/2015-soft3/20150930/build/beginner_tutorials/CMakeFiles/CMakeTmp

Run Build Command:/usr/bin/make "cmTryCompileExec726631807/fast"
/usr/bin/make -f CMakeFiles/cmTryCompileExec726631807.dir/build.make CMakeFiles/cmTryCompileExec726631807.dir/build
make[1]: ディレクトリ `/home/mech-user/2015-soft3/20150930/build/beginner_tutorials/CMakeFiles/CMakeTmp' に入ります
/usr/bin/cmake -E cmake_progress_report /home/mech-user/2015-soft3/20150930/build/beginner_tutorials/CMakeFiles/CMakeTmp/CMakeFiles 1
Building C object CMakeFiles/cmTryCompileExec726631807.dir/CheckFunctionExists.c.o
/usr/bin/cc   -DCHECK_FUNCTION_EXISTS=pthread_create   -o CMakeFiles/cmTryCompileExec726631807.dir/CheckFunctionExists.c.o   -c /usr/share/cmake-2.8/Modules/CheckFunctionExists.c
Linking C executable cmTryCompileExec726631807
/usr/bin/cmake -E cmake_link_script CMakeFiles/cmTryCompileExec726631807.dir/link.txt --verbose=1
/usr/bin/cc   -DCHECK_FUNCTION_EXISTS=pthread_create    CMakeFiles/cmTryCompileExec726631807.dir/CheckFunctionExists.c.o  -o cmTryCompileExec726631807 -rdynamic -lpthreads 
/usr/bin/ld: -lpthreads が見つかりません
collect2: error: ld returned 1 exit status
make[1]: *** [cmTryCompileExec726631807] エラー 1
make[1]: ディレクトリ `/home/mech-user/2015-soft3/20150930/build/beginner_tutorials/CMakeFiles/CMakeTmp' から出ます
make: *** [cmTryCompileExec726631807/fast] エラー 2


